# JRE version: Java(TM) SE Runtime Environment (8.0-b132) (build 1.8.0-b132)
# Java VM: Java HotSpot(TM) 64-Bit Server VM (25.0-b70 mixed mode bsd-amd64 compressed oops)
Heap:
 PSYoungGen      total 64512K, used 41403K [0x000000076ab00000, 0x000000076f980000, 0x00000007c0000000)
  eden space 59392K, 61% used [0x000000076ab00000,0x000000076ce95d38,0x000000076e500000)
  from space 5120K, 96% used [0x000000076e500000,0x000000076e9d9140,0x000000076ea00000)
  to   space 6144K, 0% used [0x000000076f380000,0x000000076f380000,0x000000076f980000)
 ParOldGen       total 14336K, used 11104K [0x00000006c0000000, 0x00000006c0e00000, 0x000000076ab00000)
  object space 14336K, 77% used [0x00000006c0000000,0x00000006c0ad8258,0x00000006c0e00000)
 Metaspace       used 40493K, capacity 41110K, committed 41344K, reserved 1085440K
  class space    used 4544K, capacity 4628K, committed 4736K, reserved 1048576K
GC Heap History (10 events):
Event: 11.995 GC heap before
{Heap before GC invocations=21 (full 1):
 PSYoungGen      total 39936K, used 39337K [0x000000076ab00000, 0x000000076e100000, 0x00000007c0000000)
  eden space 36352K, 100% used [0x000000076ab00000,0x000000076ce80000,0x000000076ce80000)
  from space 3584K, 83% used [0x000000076ce80000,0x000000076d16a7d0,0x000000076d200000)
  to   space 4096K, 0% used [0x000000076dd00000,0x000000076dd00000,0x000000076e100000)
 ParOldGen       total 10752K, used 8044K [0x00000006c0000000, 0x00000006c0a80000, 0x000000076ab00000)
  object space 10752K, 74% used [0x00000006c0000000,0x00000006c07db3d8,0x00000006c0a80000)
 Metaspace       used 26528K, capacity 26696K, committed 26752K, reserved 1073152K
  class space    used 2914K, capacity 2944K, committed 2944K, reserved 1048576K
Event: 12.001 GC heap after
Heap after GC invocations=21 (full 1):
 PSYoungGen      total 51200K, used 2453K [0x000000076ab00000, 0x000000076e100000, 0x00000007c0000000)
  eden space 47104K, 0% used [0x000000076ab00000,0x000000076ab00000,0x000000076d900000)
  from space 4096K, 59% used [0x000000076dd00000,0x000000076df65598,0x000000076e100000)
  to   space 4096K, 0% used [0x000000076d900000,0x000000076d900000,0x000000076dd00000)
 ParOldGen       total 10752K, used 8820K [0x00000006c0000000, 0x00000006c0a80000, 0x000000076ab00000)
  object space 10752K, 82% used [0x00000006c0000000,0x00000006c089d3d8,0x00000006c0a80000)
 Metaspace       used 26528K, capacity 26696K, committed 26752K, reserved 1073152K
  class space    used 2914K, capacity 2944K, committed 2944K, reserved 1048576K
}
Event: 12.673 GC heap before
{Heap before GC invocations=22 (full 1):
 PSYoungGen      total 51200K, used 49557K [0x000000076ab00000, 0x000000076e100000, 0x00000007c0000000)
  eden space 47104K, 100% used [0x000000076ab00000,0x000000076d900000,0x000000076d900000)
  from space 4096K, 59% used [0x000000076dd00000,0x000000076df65598,0x000000076e100000)
  to   space 4096K, 0% used [0x000000076d900000,0x000000076d900000,0x000000076dd00000)
 ParOldGen       total 10752K, used 8820K [0x00000006c0000000, 0x00000006c0a80000, 0x000000076ab00000)
  object space 10752K, 82% used [0x00000006c0000000,0x00000006c089d3d8,0x00000006c0a80000)
 Metaspace       used 29247K, capacity 29462K, committed 29824K, reserved 1075200K
  class space    used 3311K, capacity 3332K, committed 3456K, reserved 1048576K
Event: 12.679 GC heap after
Heap after GC invocations=22 (full 1):
 PSYoungGen      total 51200K, used 2998K [0x000000076ab00000, 0x000000076ee00000, 0x00000007c0000000)
  eden space 47104K, 0% used [0x000000076ab00000,0x000000076ab00000,0x000000076d900000)
  from space 4096K, 73% used [0x000000076d900000,0x000000076dbedb68,0x000000076dd00000)
  to   space 4096K, 0% used [0x000000076ea00000,0x000000076ea00000,0x000000076ee00000)
 ParOldGen       total 10752K, used 9252K [0x00000006c0000000, 0x00000006c0a80000, 0x000000076ab00000)
  object space 10752K, 86% used [0x00000006c0000000,0x00000006c09093d8,0x00000006c0a80000)
 Metaspace       used 29247K, capacity 29462K, committed 29824K, reserved 1075200K
  class space    used 3311K, capacity 3332K, committed 3456K, reserved 1048576K
}
Event: 13.605 GC heap before
{Heap before GC invocations=23 (full 1):
 PSYoungGen      total 51200K, used 50102K [0x000000076ab00000, 0x000000076ee00000, 0x00000007c0000000)
  eden space 47104K, 100% used [0x000000076ab00000,0x000000076d900000,0x000000076d900000)
  from space 4096K, 73% used [0x000000076d900000,0x000000076dbedb68,0x000000076dd00000)
  to   space 4096K, 0% used [0x000000076ea00000,0x000000076ea00000,0x000000076ee00000)
 ParOldGen       total 10752K, used 9252K [0x00000006c0000000, 0x00000006c0a80000, 0x000000076ab00000)
  object space 10752K, 86% used [0x00000006c0000000,0x00000006c09093d8,0x00000006c0a80000)
 Metaspace       used 33712K, capacity 33910K, committed 34176K, reserved 1079296K
  class space    used 3851K, capacity 3876K, committed 3968K, reserved 1048576K
Event: 13.615 GC heap after
Heap after GC invocations=23 (full 1):
 PSYoungGen      total 63488K, used 4087K [0x000000076ab00000, 0x000000076f000000, 0x00000007c0000000)
  eden space 59392K, 0% used [0x000000076ab00000,0x000000076ab00000,0x000000076e500000)
  from space 4096K, 99% used [0x000000076ea00000,0x000000076edfdec0,0x000000076ee00000)
  to   space 5120K, 0% used [0x000000076e500000,0x000000076e500000,0x000000076ea00000)
 ParOldGen       total 10752K, used 10292K [0x00000006c0000000, 0x00000006c0a80000, 0x000000076ab00000)
  object space 10752K, 95% used [0x00000006c0000000,0x00000006c0a0d168,0x00000006c0a80000)
 Metaspace       used 33712K, capacity 33910K, committed 34176K, reserved 1079296K
  class space    used 3851K, capacity 3876K, committed 3968K, reserved 1048576K
}
Event: 13.615 GC heap before
{Heap before GC invocations=24 (full 2):
 PSYoungGen      total 63488K, used 4087K [0x000000076ab00000, 0x000000076f000000, 0x00000007c0000000)
  eden space 59392K, 0% used [0x000000076ab00000,0x000000076ab00000,0x000000076e500000)
  from space 4096K, 99% used [0x000000076ea00000,0x000000076edfdec0,0x000000076ee00000)
  to   space 5120K, 0% used [0x000000076e500000,0x000000076e500000,0x000000076ea00000)
 ParOldGen       total 10752K, used 10292K [0x00000006c0000000, 0x00000006c0a80000, 0x000000076ab00000)
  object space 10752K, 95% used [0x00000006c0000000,0x00000006c0a0d168,0x00000006c0a80000)
 Metaspace       used 33712K, capacity 33910K, committed 34176K, reserved 1079296K
  class space    used 3851K, capacity 3876K, committed 3968K, reserved 1048576K
Event: 13.712 GC heap after
Heap after GC invocations=24 (full 2):
 PSYoungGen      total 63488K, used 1450K [0x000000076ab00000, 0x000000076f000000, 0x00000007c0000000)
  eden space 59392K, 0% used [0x000000076ab00000,0x000000076ab00000,0x000000076e500000)
  from space 4096K, 35% used [0x000000076ea00000,0x000000076eb6a9c0,0x000000076ee00000)
  to   space 5120K, 0% used [0x000000076e500000,0x000000076e500000,0x000000076ea00000)
 ParOldGen       total 14336K, used 10711K [0x00000006c0000000, 0x00000006c0e00000, 0x000000076ab00000)
  object space 14336K, 74% used [0x00000006c0000000,0x00000006c0a75ff8,0x00000006c0e00000)
 Metaspace       used 33712K, capacity 33910K, committed 34176K, reserved 1079296K
  class space    used 3851K, capacity 3876K, committed 3968K, reserved 1048576K
}
Event: 14.957 GC heap before
{Heap before GC invocations=25 (full 2):
 PSYoungGen      total 63488K, used 60842K [0x000000076ab00000, 0x000000076f000000, 0x00000007c0000000)
  eden space 59392K, 100% used [0x000000076ab00000,0x000000076e500000,0x000000076e500000)
  from space 4096K, 35% used [0x000000076ea00000,0x000000076eb6a9c0,0x000000076ee00000)
  to   space 5120K, 0% used [0x000000076e500000,0x000000076e500000,0x000000076ea00000)
 ParOldGen       total 14336K, used 10711K [0x00000006c0000000, 0x00000006c0e00000, 0x000000076ab00000)
  object space 14336K, 74% used [0x00000006c0000000,0x00000006c0a75ff8,0x00000006c0e00000)
 Metaspace       used 38664K, capacity 39084K, committed 39296K, reserved 1083392K
  class space    used 4348K, capacity 4408K, committed 4480K, reserved 1048576K
Event: 14.974 GC heap after
Heap after GC invocations=25 (full 2):
 PSYoungGen      total 64512K, used 4964K [0x000000076ab00000, 0x000000076f980000, 0x00000007c0000000)
  eden space 59392K, 0% used [0x000000076ab00000,0x000000076ab00000,0x000000076e500000)
  from space 5120K, 96% used [0x000000076e500000,0x000000076e9d9140,0x000000076ea00000)
  to   space 6144K, 0% used [0x000000076f380000,0x000000076f380000,0x000000076f980000)
 ParOldGen       total 14336K, used 11104K [0x00000006c0000000, 0x00000006c0e00000, 0x000000076ab00000)
  object space 14336K, 77% used [0x00000006c0000000,0x00000006c0ad8258,0x00000006c0e00000)
 Metaspace       used 38664K, capacity 39084K, committed 39296K, reserved 1083392K
  class space    used 4348K, capacity 4408K, committed 4480K, reserved 1048576K
}

