# JRE version: Java(TM) SE Runtime Environment (8.0-b132) (build 1.8.0-b132)
# Java VM: Java HotSpot(TM) 64-Bit Server VM (25.0-b70 mixed mode bsd-amd64 compressed oops)
Heap:
 PSYoungGen      total 71168K, used 55553K [0x000000076ab00000, 0x0000000771180000, 0x00000007c0000000)
  eden space 64512K, 84% used [0x000000076ab00000,0x000000076e03b310,0x000000076ea00000)
  from space 6656K, 15% used [0x0000000770b00000,0x0000000770c05148,0x0000000771180000)
  to   space 7680K, 0% used [0x0000000770280000,0x0000000770280000,0x0000000770a00000)
 ParOldGen       total 18432K, used 14748K [0x00000006c0000000, 0x00000006c1200000, 0x000000076ab00000)
  object space 18432K, 80% used [0x00000006c0000000,0x00000006c0e670b0,0x00000006c1200000)
 Metaspace       used 43202K, capacity 44280K, committed 44416K, reserved 1089536K
  class space    used 4808K, capacity 4940K, committed 4992K, reserved 1048576K
GC Heap History (10 events):
Event: 108.133 GC heap before
{Heap before GC invocations=19 (full 1):
 PSYoungGen      total 55296K, used 55283K [0x000000076ab00000, 0x000000076f780000, 0x00000007c0000000)
  eden space 50688K, 100% used [0x000000076ab00000,0x000000076dc80000,0x000000076dc80000)
  from space 4608K, 99% used [0x000000076dc80000,0x000000076e0fccb0,0x000000076e100000)
  to   space 5120K, 0% used [0x000000076f280000,0x000000076f280000,0x000000076f780000)
 ParOldGen       total 11264K, used 8506K [0x00000006c0000000, 0x00000006c0b00000, 0x000000076ab00000)
  object space 11264K, 75% used [0x00000006c0000000,0x00000006c084e988,0x00000006c0b00000)
 Metaspace       used 30803K, capacity 31066K, committed 31232K, reserved 1077248K
  class space    used 3471K, capacity 3533K, committed 3584K, reserved 1048576K
Event: 108.142 GC heap after
Heap after GC invocations=19 (full 1):
 PSYoungGen      total 72704K, used 3672K [0x000000076ab00000, 0x000000076f880000, 0x00000007c0000000)
  eden space 67584K, 0% used [0x000000076ab00000,0x000000076ab00000,0x000000076ed00000)
  from space 5120K, 71% used [0x000000076f280000,0x000000076f616230,0x000000076f780000)
  to   space 5632K, 0% used [0x000000076ed00000,0x000000076ed00000,0x000000076f280000)
 ParOldGen       total 11264K, used 9958K [0x00000006c0000000, 0x00000006c0b00000, 0x000000076ab00000)
  object space 11264K, 88% used [0x00000006c0000000,0x00000006c09b9998,0x00000006c0b00000)
 Metaspace       used 30803K, capacity 31066K, committed 31232K, reserved 1077248K
  class space    used 3471K, capacity 3533K, committed 3584K, reserved 1048576K
}
Event: 108.142 GC heap before
{Heap before GC invocations=20 (full 2):
 PSYoungGen      total 72704K, used 3672K [0x000000076ab00000, 0x000000076f880000, 0x00000007c0000000)
  eden space 67584K, 0% used [0x000000076ab00000,0x000000076ab00000,0x000000076ed00000)
  from space 5120K, 71% used [0x000000076f280000,0x000000076f616230,0x000000076f780000)
  to   space 5632K, 0% used [0x000000076ed00000,0x000000076ed00000,0x000000076f280000)
 ParOldGen       total 11264K, used 9958K [0x00000006c0000000, 0x00000006c0b00000, 0x000000076ab00000)
  object space 11264K, 88% used [0x00000006c0000000,0x00000006c09b9998,0x00000006c0b00000)
 Metaspace       used 30803K, capacity 31066K, committed 31232K, reserved 1077248K
  class space    used 3471K, capacity 3533K, committed 3584K, reserved 1048576K
Event: 108.191 GC heap after
Heap after GC invocations=20 (full 2):
 PSYoungGen      total 72704K, used 0K [0x000000076ab00000, 0x000000076f880000, 0x00000007c0000000)
  eden space 67584K, 0% used [0x000000076ab00000,0x000000076ab00000,0x000000076ed00000)
  from space 5120K, 0% used [0x000000076f280000,0x000000076f280000,0x000000076f780000)
  to   space 5632K, 0% used [0x000000076ed00000,0x000000076ed00000,0x000000076f280000)
 ParOldGen       total 14848K, used 11154K [0x00000006c0000000, 0x00000006c0e80000, 0x000000076ab00000)
  object space 14848K, 75% used [0x00000006c0000000,0x00000006c0ae4af0,0x00000006c0e80000)
 Metaspace       used 30803K, capacity 31066K, committed 31232K, reserved 1077248K
  class space    used 3471K, capacity 3533K, committed 3584K, reserved 1048576K
}
Event: 109.422 GC heap before
{Heap before GC invocations=21 (full 2):
 PSYoungGen      total 72704K, used 67584K [0x000000076ab00000, 0x000000076f880000, 0x00000007c0000000)
  eden space 67584K, 100% used [0x000000076ab00000,0x000000076ed00000,0x000000076ed00000)
  from space 5120K, 0% used [0x000000076f280000,0x000000076f280000,0x000000076f780000)
  to   space 5632K, 0% used [0x000000076ed00000,0x000000076ed00000,0x000000076f280000)
 ParOldGen       total 14848K, used 11154K [0x00000006c0000000, 0x00000006c0e80000, 0x000000076ab00000)
  object space 14848K, 75% used [0x00000006c0000000,0x00000006c0ae4af0,0x00000006c0e80000)
 Metaspace       used 37043K, capacity 37276K, committed 37632K, reserved 1083392K
  class space    used 4259K, capacity 4303K, committed 4352K, reserved 1048576K
Event: 109.429 GC heap after
Heap after GC invocations=21 (full 2):
 PSYoungGen      total 73216K, used 5624K [0x000000076ab00000, 0x0000000771180000, 0x00000007c0000000)
  eden space 67584K, 0% used [0x000000076ab00000,0x000000076ab00000,0x000000076ed00000)
  from space 5632K, 99% used [0x000000076ed00000,0x000000076f27e2b8,0x000000076f280000)
  to   space 6656K, 0% used [0x0000000770b00000,0x0000000770b00000,0x0000000771180000)
 ParOldGen       total 14848K, used 11706K [0x00000006c0000000, 0x00000006c0e80000, 0x000000076ab00000)
  object space 14848K, 78% used [0x00000006c0000000,0x00000006c0b6eab8,0x00000006c0e80000)
 Metaspace       used 37043K, capacity 37276K, committed 37632K, reserved 1083392K
  class space    used 4259K, capacity 4303K, committed 4352K, reserved 1048576K
}
Event: 179.118 GC heap before
{Heap before GC invocations=22 (full 2):
 PSYoungGen      total 73216K, used 73208K [0x000000076ab00000, 0x0000000771180000, 0x00000007c0000000)
  eden space 67584K, 100% used [0x000000076ab00000,0x000000076ed00000,0x000000076ed00000)
  from space 5632K, 99% used [0x000000076ed00000,0x000000076f27e2b8,0x000000076f280000)
  to   space 6656K, 0% used [0x0000000770b00000,0x0000000770b00000,0x0000000771180000)
 ParOldGen       total 14848K, used 11706K [0x00000006c0000000, 0x00000006c0e80000, 0x000000076ab00000)
  object space 14848K, 78% used [0x00000006c0000000,0x00000006c0b6eab8,0x00000006c0e80000)
 Metaspace       used 42044K, capacity 42488K, committed 42752K, reserved 1087488K
  class space    used 4741K, capacity 4824K, committed 4864K, reserved 1048576K
Event: 179.131 GC heap after
Heap after GC invocations=22 (full 2):
 PSYoungGen      total 71168K, used 6266K [0x000000076ab00000, 0x0000000771180000, 0x00000007c0000000)
  eden space 64512K, 0% used [0x000000076ab00000,0x000000076ab00000,0x000000076ea00000)
  from space 6656K, 94% used [0x0000000770b00000,0x000000077111e990,0x0000000771180000)
  to   space 7680K, 0% used [0x0000000770280000,0x0000000770280000,0x0000000770a00000)
 ParOldGen       total 14848K, used 13704K [0x00000006c0000000, 0x00000006c0e80000, 0x000000076ab00000)
  object space 14848K, 92% used [0x00000006c0000000,0x00000006c0d62140,0x00000006c0e80000)
 Metaspace       used 42044K, capacity 42488K, committed 42752K, reserved 1087488K
  class space    used 4741K, capacity 4824K, committed 4864K, reserved 1048576K
}
Event: 179.131 GC heap before
{Heap before GC invocations=23 (full 3):
 PSYoungGen      total 71168K, used 6266K [0x000000076ab00000, 0x0000000771180000, 0x00000007c0000000)
  eden space 64512K, 0% used [0x000000076ab00000,0x000000076ab00000,0x000000076ea00000)
  from space 6656K, 94% used [0x0000000770b00000,0x000000077111e990,0x0000000771180000)
  to   space 7680K, 0% used [0x0000000770280000,0x0000000770280000,0x0000000770a00000)
 ParOldGen       total 14848K, used 13704K [0x00000006c0000000, 0x00000006c0e80000, 0x000000076ab00000)
  object space 14848K, 92% used [0x00000006c0000000,0x00000006c0d62140,0x00000006c0e80000)
 Metaspace       used 42044K, capacity 42488K, committed 42752K, reserved 1087488K
  class space    used 4741K, capacity 4824K, committed 4864K, reserved 1048576K
Event: 179.280 GC heap after
Heap after GC invocations=23 (full 3):
 PSYoungGen      total 71168K, used 1044K [0x000000076ab00000, 0x0000000771180000, 0x00000007c0000000)
  eden space 64512K, 0% used [0x000000076ab00000,0x000000076ab00000,0x000000076ea00000)
  from space 6656K, 15% used [0x0000000770b00000,0x0000000770c05148,0x0000000771180000)
  to   space 7680K, 0% used [0x0000000770280000,0x0000000770280000,0x0000000770a00000)
 ParOldGen       total 18432K, used 14748K [0x00000006c0000000, 0x00000006c1200000, 0x000000076ab00000)
  object space 18432K, 80% used [0x00000006c0000000,0x00000006c0e670b0,0x00000006c1200000)
 Metaspace       used 42044K, capacity 42488K, committed 42752K, reserved 1087488K
  class space    used 4741K, capacity 4824K, committed 4864K, reserved 1048576K
}

